<?xml version="1.0" encoding="UTF-8"?>
<!-- Generated by org.testng.reporters.JUnitXMLReporter -->
<testsuite ignored="0" hostname="Akeem" failures="0" tests="6" name="Default test" time="5.379" errors="0" timestamp="2023-09-12T19:52:38 CDT">
  <testcase classname="api.tests.DDTests" name="testPostUser" time="2.4"/>
  <testcase classname="api.tests.DDTests" name="testPostUser" time="0.353"/>
  <testcase classname="api.tests.DDTests" name="testPostUser" time="0.314"/>
  <testcase classname="api.tests.DDTests" name="testDeleteUserByName" time="0.314"/>
  <testcase classname="api.tests.DDTests" name="testDeleteUserByName" time="0.293"/>
  <testcase classname="api.tests.DDTests" name="testDeleteUserByName" time="0.295"/>
</testsuite> <!-- Default test -->
