<?xml version="1.0" encoding="UTF-8"?>
<!-- Generated by org.testng.reporters.JUnitXMLReporter -->
<testsuite ignored="0" hostname="Akeem" failures="0" tests="10" name="Test" time="8.294" errors="0" timestamp="2023-09-17T20:06:28 CDT">
  <testcase classname="api.tests.DDTests" name="testPostUser" time="2.955"/>
  <testcase classname="api.tests.DDTests" name="testPostUser" time="0.325"/>
  <testcase classname="api.tests.DDTests" name="testPostUser" time="0.38"/>
  <testcase classname="api.tests.DDTests" name="testDeleteUserByName" time="0.334"/>
  <testcase classname="api.tests.DDTests" name="testDeleteUserByName" time="0.298"/>
  <testcase classname="api.tests.DDTests" name="testDeleteUserByName" time="0.291"/>
  <testcase classname="api.tests.userTests" name="testPostUser" time="0.343"/>
  <testcase classname="api.tests.userTests" name="getUserByName" time="0.339"/>
  <testcase classname="api.tests.userTests" name="testUpdateUserByName" time="1.032"/>
  <testcase classname="api.tests.userTests" name="testDeleteUserByName" time="0.327"/>
</testsuite> <!-- Test -->
