<?xml version="1.0" encoding="UTF-8"?>
<testng-results ignored="0" total="10" passed="10" failed="0" skipped="0">
  <reporter-output>
  </reporter-output>
  <suite started-at="2023-09-17T20:06:20 CDT" name="Suite" finished-at="2023-09-17T20:06:28 CDT" duration-ms="8294">
    <groups>
    </groups>
    <test started-at="2023-09-17T20:06:20 CDT" name="Test" finished-at="2023-09-17T20:06:28 CDT" duration-ms="8294">
      <class name="api.tests.userTests">
        <test-method is-config="true" signature="setUpData()[pri:0, instance:api.tests.userTests@27ce24aa]" started-at="2023-09-17T20:06:26 CDT" name="setUpData" finished-at="2023-09-17T20:06:26 CDT" duration-ms="216" status="PASS">
          <reporter-output>
          </reporter-output>
        </test-method> <!-- setUpData -->
        <test-method signature="testPostUser()[pri:1, instance:api.tests.userTests@27ce24aa]" started-at="2023-09-17T20:06:26 CDT" name="testPostUser" finished-at="2023-09-17T20:06:26 CDT" duration-ms="343" status="PASS">
          <reporter-output>
          </reporter-output>
        </test-method> <!-- testPostUser -->
        <test-method signature="getUserByName()[pri:2, instance:api.tests.userTests@27ce24aa]" started-at="2023-09-17T20:06:26 CDT" name="getUserByName" finished-at="2023-09-17T20:06:27 CDT" duration-ms="339" status="PASS">
          <reporter-output>
          </reporter-output>
        </test-method> <!-- getUserByName -->
        <test-method signature="testUpdateUserByName()[pri:3, instance:api.tests.userTests@27ce24aa]" started-at="2023-09-17T20:06:27 CDT" name="testUpdateUserByName" finished-at="2023-09-17T20:06:28 CDT" duration-ms="1032" status="PASS">
          <reporter-output>
          </reporter-output>
        </test-method> <!-- testUpdateUserByName -->
        <test-method signature="testDeleteUserByName()[pri:4, instance:api.tests.userTests@27ce24aa]" started-at="2023-09-17T20:06:28 CDT" name="testDeleteUserByName" finished-at="2023-09-17T20:06:28 CDT" duration-ms="327" status="PASS">
          <reporter-output>
          </reporter-output>
        </test-method> <!-- testDeleteUserByName -->
      </class> <!-- api.tests.userTests -->
      <class name="api.tests.DDTests">
        <test-method signature="testPostUser(java.lang.String,java.lang.String,java.lang.String,java.lang.String,java.lang.String,java.lang.String,java.lang.String)[pri:1, instance:api.tests.DDTests@5bd03f44]" started-at="2023-09-17T20:06:21 CDT" name="testPostUser" data-provider="Data" finished-at="2023-09-17T20:06:24 CDT" duration-ms="2955" status="PASS">
          <params>
            <param index="0">
              <value>
                <![CDATA[1997]]>
              </value>
            </param>
            <param index="1">
              <value>
                <![CDATA[testUser1]]>
              </value>
            </param>
            <param index="2">
              <value>
                <![CDATA[John]]>
              </value>
            </param>
            <param index="3">
              <value>
                <![CDATA[Canedy]]>
              </value>
            </param>
            <param index="4">
              <value>
                <![CDATA[a@gmail.com]]>
              </value>
            </param>
            <param index="5">
              <value>
                <![CDATA[test@1]]>
              </value>
            </param>
            <param index="6">
              <value>
                <![CDATA[12123233]]>
              </value>
            </param>
          </params>
          <reporter-output>
          </reporter-output>
        </test-method> <!-- testPostUser -->
        <test-method signature="testPostUser(java.lang.String,java.lang.String,java.lang.String,java.lang.String,java.lang.String,java.lang.String,java.lang.String)[pri:1, instance:api.tests.DDTests@5bd03f44]" started-at="2023-09-17T20:06:24 CDT" name="testPostUser" data-provider="Data" finished-at="2023-09-17T20:06:24 CDT" duration-ms="325" status="PASS">
          <params>
            <param index="0">
              <value>
                <![CDATA[1998]]>
              </value>
            </param>
            <param index="1">
              <value>
                <![CDATA[testUser2]]>
              </value>
            </param>
            <param index="2">
              <value>
                <![CDATA[Kom]]>
              </value>
            </param>
            <param index="3">
              <value>
                <![CDATA[Kim]]>
              </value>
            </param>
            <param index="4">
              <value>
                <![CDATA[b@gmail.com]]>
              </value>
            </param>
            <param index="5">
              <value>
                <![CDATA[test@2]]>
              </value>
            </param>
            <param index="6">
              <value>
                <![CDATA[12134555]]>
              </value>
            </param>
          </params>
          <reporter-output>
          </reporter-output>
        </test-method> <!-- testPostUser -->
        <test-method signature="testPostUser(java.lang.String,java.lang.String,java.lang.String,java.lang.String,java.lang.String,java.lang.String,java.lang.String)[pri:1, instance:api.tests.DDTests@5bd03f44]" started-at="2023-09-17T20:06:24 CDT" name="testPostUser" data-provider="Data" finished-at="2023-09-17T20:06:25 CDT" duration-ms="380" status="PASS">
          <params>
            <param index="0">
              <value>
                <![CDATA[1994]]>
              </value>
            </param>
            <param index="1">
              <value>
                <![CDATA[testUser3]]>
              </value>
            </param>
            <param index="2">
              <value>
                <![CDATA[Smith]]>
              </value>
            </param>
            <param index="3">
              <value>
                <![CDATA[Steve]]>
              </value>
            </param>
            <param index="4">
              <value>
                <![CDATA[c@gmail.com]]>
              </value>
            </param>
            <param index="5">
              <value>
                <![CDATA[test@3]]>
              </value>
            </param>
            <param index="6">
              <value>
                <![CDATA[15654334]]>
              </value>
            </param>
          </params>
          <reporter-output>
          </reporter-output>
        </test-method> <!-- testPostUser -->
        <test-method signature="testDeleteUserByName(java.lang.String)[pri:2, instance:api.tests.DDTests@5bd03f44]" started-at="2023-09-17T20:06:25 CDT" name="testDeleteUserByName" data-provider="UserNames" finished-at="2023-09-17T20:06:25 CDT" duration-ms="334" status="PASS">
          <params>
            <param index="0">
              <value>
                <![CDATA[testUser1]]>
              </value>
            </param>
          </params>
          <reporter-output>
          </reporter-output>
        </test-method> <!-- testDeleteUserByName -->
        <test-method signature="testDeleteUserByName(java.lang.String)[pri:2, instance:api.tests.DDTests@5bd03f44]" started-at="2023-09-17T20:06:25 CDT" name="testDeleteUserByName" data-provider="UserNames" finished-at="2023-09-17T20:06:26 CDT" duration-ms="298" status="PASS">
          <params>
            <param index="0">
              <value>
                <![CDATA[testUser2]]>
              </value>
            </param>
          </params>
          <reporter-output>
          </reporter-output>
        </test-method> <!-- testDeleteUserByName -->
        <test-method signature="testDeleteUserByName(java.lang.String)[pri:2, instance:api.tests.DDTests@5bd03f44]" started-at="2023-09-17T20:06:26 CDT" name="testDeleteUserByName" data-provider="UserNames" finished-at="2023-09-17T20:06:26 CDT" duration-ms="291" status="PASS">
          <params>
            <param index="0">
              <value>
                <![CDATA[testUser3]]>
              </value>
            </param>
          </params>
          <reporter-output>
          </reporter-output>
        </test-method> <!-- testDeleteUserByName -->
      </class> <!-- api.tests.DDTests -->
    </test> <!-- Test -->
  </suite> <!-- Suite -->
</testng-results>
